---Routing to VectorStore LaborLawsVectorStore---
vao yes embed

====retrieval_node====
====filter_documents_node====
---DOCUMENT 1: RELEVANT---
---DOCUMENT 2: RELEVANT---
---DOCUMENT 3: RELEVANT---
---Some retrived documents are relevant---
====rag_node====
len(documents) 3
[Document(metadata={'law_number': '昭和二十二年法律第四十九号', 'law_name': '労働基準法', 'enactment_year': '令和6年5月31日 施行', 'chapter_number': '第九章', 'chapter_name': '就業規則', 'division_number': '', 'division_name': '', 'article_number': '第九十三条', 'article_name': '労働契約との関係', 'document_source': 'https://laws.e-gov.go.jp/law/322AC0000000049'}, page_content='昭和二十二年法律第四十九号\u3000労働基準法/第九章\u3000就業規則/第九十三条\u3000労働契約との関係/労働契約と就業規則との関係については、労働契約法（平成十九年法律第百二十八号）第十二条の定めるところによる。'), Document(metadata={'law_number': '昭和二十二年法律第四十九号', 'law_name': '労働基準法', 'enactment_year': '令和6年5月31日 施行', 'chapter_number': '第四章', 'chapter_name': '労働時間、休憩、休日及び年次有給休暇', 'division_number': '', 'division_name': '', 'article_number': '第三十二条の五', 'article_name': '第三十二条の五', 'document_source': 'https://laws.e-gov.go.jp/law/322AC0000000049'}, page_content='昭和二十二年法律第四十九号\u3000労働基準法/第四章\u3000労働時間、休憩、休日及び年次有給休暇/第三十二条の五/使用者は、日ごとの業務に著しい繁閑の差が生ずることが多く、かつ、これを予測した上で就業規則その他これに準ずるものにより各日の労働時間を特定することが困難であると認められる厚生労働省令で定める事業であつて、常時使用する労働者の数が厚生労働省令で定める数未満のものに従事する労働者については、当該事業場に、労働者の過半数で組織する労働組合がある場合においてはその労働組合、労働者の過半数で組織する労働組合がない場合においては労働者の過半数を代表する者との書面による協定があるときは、第三十二条第二項の規定にかかわらず、一日について十時間まで労働させることができる。\n使用者は、前項の規定により労働者に労働させる場合においては、厚生労働省令で定めるところにより、当該労働させる一週間の各日の労働時間を、あらかじめ、当該労働者に通知しなければならない。\n第三十二条の二第二項の規定は、第一項の協定について準用する。'), Document(metadata={'law_number': '昭和二十二年法律第四十九号', 'law_name': '労働基準法', 'enactment_year': '令和6年5月31日 施行', 'chapter_number': '第九章', 'chapter_name': '就業規則', 'division_number': '', 'division_name': '', 'article_number': '第九十条', 'article_name': '作成の手続', 'document_source': 'https://laws.e-gov.go.jp/law/322AC0000000049'}, page_content='昭和二十二年法律第四十九号\u3000労働基準法/第九章\u3000就業規則/第九十条\u3000作成の手続/使用者は、就業規則の作成又は変更について、当該事業場に、労働者の過半数で組織する労働組合がある場合においてはその労働組合、労働者の過半数で組織する労働組合がない場合においては労働者の過半数を代表する者の意見を聴かなければならない。\n使用者は、前条の規定により届出をなすについて、前項の意見を記した書面を添付しなければならない。')]
==== call rag documents chain ====
---Hallucination check passed---
---Answer is relevant to question---

response_app {'query': '第1章\u3000総則\n第1条（目的）\n１．この就業規則（以下「規則」という。）は、株式会社●●●●の労働者の就業に関する事項を定めるものである。', 'chat_history': [], 'generation': '- 結論: 「正しい」\n- 説明: 本契約条項第1条は、労働基準法第9章「就業規則」に基づいて、株式会社●●●●の労働者の就業に関する事項を定めることを規定している。この規定は、労働基準法第93条「労働契約との関係」に照らしても、就業規則の目的を明確に規定しているため、法的コンテキストに照らして正しいと判断される。', 'documents': [Document(metadata={'law_number': '昭和二十二年法律第四十九号', 'law_name': '労働基準法', 'enactment_year': '令和6年5月31日 施行', 'chapter_number': '第九章', 'chapter_name': '就業規則', 'division_number': '', 'division_name': '', 'article_number': '第九十三条', 'article_name': '労働契約との関係', 'document_source': 'https://laws.e-gov.go.jp/law/322AC0000000049'}, page_content='昭和二十二年法律第四十九号\u3000労働基準法/第九章\u3000就業規則/第九十三条\u3000労働契約との関係/労働契約と就業規則との関係については、労働契約法（平成十九年法律第百二十八号）第十二条の定めるところによる。'), Document(metadata={'law_number': '昭和二十二年法律第四十九号', 'law_name': '労働基準法', 'enactment_year': '令和6年5月31日 施行', 'chapter_number': '第四章', 'chapter_name': '労働時間、休憩、休日及び年次有給休暇', 'division_number': '', 'division_name': '', 'article_number': '第三十二条の五', 'article_name': '第三十二条の五', 'document_source': 'https://laws.e-gov.go.jp/law/322AC0000000049'}, page_content='昭和二十二年法律第四十九号\u3000労働基準法/第四章\u3000労働時間、休憩、休日及び年次有給休暇/第三十二条の五/使用者は、日ごとの業務に著しい繁閑の差が生ずることが多く、かつ、これを予測した上で就業規則その他これに準ずるものにより各日の労働時間を特定することが困難であると認められる厚生労働省令で定める事業であつて、常時使用する労働者の数が厚生労働省令で定める数未満のものに従事する労働者については、当該事業場に、労働者の過半数で組織する労働組合がある場合においてはその労働組合、労働者の過半数で組織する労働組合がない場合においては労働者の過半数を代表する者との書面による協定があるときは、第三十二条第二項の規定にかかわらず、一日について十時間まで労働させることができる。\n使用者は、前項の規定により労働者に労働させる場合においては、厚生労働省令で定めるところにより、当該労働させる一週間の各日の労働時間を、あらかじめ、当該労働者に通知しなければならない。\n第三十二条の二第二項の規定は、第一項の協定について準用する。'), Document(metadata={'law_number': '昭和二十二年法律第四十九号', 'law_name': '労働基準法', 'enactment_year': '令和6年5月31日 施行', 'chapter_number': '第九章', 'chapter_name': '就業規則', 'division_number': '', 'division_name': '', 'article_number': '第九十条', 'article_name': '作成の手続', 'document_source': 'https://laws.e-gov.go.jp/law/322AC0000000049'}, page_content='昭和二十二年法律第四十九号\u3000労働基準法/第九章\u3000就業規則/第九十条\u3000作成の手続/使用者は、就業規則の作成又は変更について、当該事業場に、労働者の過半数で組織する労働組合がある場合においてはその労働組合、労働者の過半数で組織する労働組合がない場合においては労働者の過半数を代表する者の意見を聴かなければならない。\n使用者は、前条の規定により届出をなすについて、前項の意見を記した書面を添付しなければならない。')]}
---Routing to VectorStore LaborLawsVectorStore---
vao yes embed

====retrieval_node====
====filter_documents_node====
---DOCUMENT 1: NOT RELEVANT---
---DOCUMENT 2: NOT RELEVANT---
---DOCUMENT 3: RELEVANT---
---DOCUMENT 4: NOT RELEVANT---
---DOCUMENT 5: NOT RELEVANT---
---Some retrived documents are relevant---
====rag_node====
len(documents) 1
[Document(metadata={'law_number': '昭和三十九年法律第百十八号', 'law_name': '労働災害防止団体法', 'enactment_year': '令和4年6月17日 施行', 'chapter_number': '第二章', 'chapter_name': '労働災害防止団体', 'division_number': '第三節', 'division_name': '労働災害防止協会', 'article_number': '第四十一条', 'article_name': '会員の順守義務等', 'document_source': 'https://laws.e-gov.go.jp/law/339AC0000000118'}, page_content='昭和三十九年法律第百十八号\u3000労働災害防止団体法/第二章\u3000労働災害防止団体/第三節\u3000労働災害防止協会/第四十一条\u3000会員の順守義務等/会員は、労働災害防止規程を守らなければならない。\n会員である事業主の事業に係る就業規則は、労働災害防止規程に反するものであつてはならない。\n前二項の規定は、労働災害防止規程が会員の事業について適用される労働協約と抵触するときは、その限度においては、適用しない。')]
==== call rag full chain ====
---Hallucination check passed---
---Answer is relevant to question---

response_app {'query': '第1章\u3000総則\n第２条（労働者の定義及び適用範囲）\n１．この規則は、本条第２項に規定するすべての労働者に適用する。また本規則における労働者とは本条第２項に規定するもののことを指す。', 'chat_history': [{'query': '第1章\u3000総則\n第1条（目的）\n１．この就業規則（以下「規則」という。）は、株式会社●●●●の労働者の就業に関する事項を定めるものである。', 'generation': '- 結論: 「正しい」\n- 説明: 本契約条項第1条は、労働基準法第9章「就業規則」に基づいて、株式会社●●●●の労働者の就業に関する事項を定めることを規定している。この規定は、労働基準法第93条「労働契約との関係」に照らしても、就業規則の目的を明確に規定しているため、法的コンテキストに照らして正しいと判断される。', 'documents': [Document(metadata={'law_number': '昭和二十二年法律第四十九号', 'law_name': '労働基準法', 'enactment_year': '令和6年5月31日 施行', 'chapter_number': '第九章', 'chapter_name': '就業規則', 'division_number': '', 'division_name': '', 'article_number': '第九十三条', 'article_name': '労働契約との関係', 'document_source': 'https://laws.e-gov.go.jp/law/322AC0000000049'}, page_content='昭和二十二年法律第四十九号\u3000労働基準法/第九章\u3000就業規則/第九十三条\u3000労働契約との関係/労働契約と就業規則との関係については、労働契約法（平成十九年法律第百二十八号）第十二条の定めるところによる。'), Document(metadata={'law_number': '昭和二十二年法律第四十九号', 'law_name': '労働基準法', 'enactment_year': '令和6年5月31日 施行', 'chapter_number': '第四章', 'chapter_name': '労働時間、休憩、休日及び年次有給休暇', 'division_number': '', 'division_name': '', 'article_number': '第三十二条の五', 'article_name': '第三十二条の五', 'document_source': 'https://laws.e-gov.go.jp/law/322AC0000000049'}, page_content='昭和二十二年法律第四十九号\u3000労働基準法/第四章\u3000労働時間、休憩、休日及び年次有給休暇/第三十二条の五/使用者は、日ごとの業務に著しい繁閑の差が生ずることが多く、かつ、これを予測した上で就業規則その他これに準ずるものにより各日の労働時間を特定することが困難であると認められる厚生労働省令で定める事業であつて、常時使用する労働者の数が厚生労働省令で定める数未満のものに従事する労働者については、当該事業場に、労働者の過半数で組織する労働組合がある場合においてはその労働組合、労働者の過半数で組織する労働組合がない場合においては労働者の過半数を代表する者との書面による協定があるときは、第三十二条第二項の規定にかかわらず、一日について十時間まで労働させることができる。\n使用者は、前項の規定により労働者に労働させる場合においては、厚生労働省令で定めるところにより、当該労働させる一週間の各日の労働時間を、あらかじめ、当該労働者に通知しなければならない。\n第三十二条の二第二項の規定は、第一項の協定について準用する。'), Document(metadata={'law_number': '昭和二十二年法律第四十九号', 'law_name': '労働基準法', 'enactment_year': '令和6年5月31日 施行', 'chapter_number': '第九章', 'chapter_name': '就業規則', 'division_number': '', 'division_name': '', 'article_number': '第九十条', 'article_name': '作成の手続', 'document_source': 'https://laws.e-gov.go.jp/law/322AC0000000049'}, page_content='昭和二十二年法律第四十九号\u3000労働基準法/第九章\u3000就業規則/第九十条\u3000作成の手続/使用者は、就業規則の作成又は変更について、当該事業場に、労働者の過半数で組織する労働組合がある場合においてはその労働組合、労働者の過半数で組織する労働組合がない場合においては労働者の過半数を代表する者の意見を聴かなければならない。\n使用者は、前条の規定により届出をなすについて、前項の意見を記した書面を添付しなければならない。')]}], 'generation': '- 結論: 「誤り」\n- 説明: 本契約条項第2条は、労働災害防止団体法第四十一条「会員の順守義務等」に基づいて、労働者の定義及び適用範囲を規定しているが、同条項では会員である事業主の事業に係る就業規則は、労働災害防止規程に反するものであつてはならないと規定している。本契約条項第2条は、労働者の定義及び適用範囲を規定しているが、労働災害防止規程との関係については触れていないため、法的コンテキストに照らして誤りであると判断される。', 'documents': [Document(metadata={'law_number': '昭和三十九年法律第百十八号', 'law_name': '労働災害防止団体法', 'enactment_year': '令和4年6月17日 施行', 'chapter_number': '第二章', 'chapter_name': '労働災害防止団体', 'division_number': '第三節', 'division_name': '労働災害防止協会', 'article_number': '第四十一条', 'article_name': '会員の順守義務等', 'document_source': 'https://laws.e-gov.go.jp/law/339AC0000000118'}, page_content='昭和三十九年法律第百十八号\u3000労働災害防止団体法/第二章\u3000労働災害防止団体/第三節\u3000労働災害防止協会/第四十一条\u3000会員の順守義務等/会員は、労働災害防止規程を守らなければならない。\n会員である事業主の事業に係る就業規則は、労働災害防止規程に反するものであつてはならない。\n前二項の規定は、労働災害防止規程が会員の事業について適用される労働協約と抵触するときは、その限度においては、適用しない。')]}
---Routing to VectorStore LaborLawsVectorStore---
vao yes embed

====retrieval_node====
====filter_documents_node====
---DOCUMENT 1: NOT RELEVANT---
---DOCUMENT 2: NOT RELEVANT---
---DOCUMENT 3: NOT RELEVANT---
---DOCUMENT 4: NOT RELEVANT---
---DOCUMENT 5: RELEVANT---
---Some retrived documents are relevant---
====rag_node====
len(documents) 1
[Document(metadata={'law_number': '昭和三十四年法律第百二十一号', 'law_name': '特許法', 'enactment_year': '令和6年4月1日 施行', 'chapter_number': '第二章', 'chapter_name': '特許及び特許出願', 'division_number': '', 'division_name': '', 'article_number': '第三十五条', 'article_name': '職務発明', 'document_source': 'https://laws.e-gov.go.jp/law/334AC0000000121'}, page_content='昭和三十四年法律第百二十一号\u3000特許法/第二章\u3000特許及び特許出願/第三十五条\u3000職務発明/使用者、法人、国又は地方公共団体（以下「使用者等」という。）は、従業者、法人の役員、国家公務員又は地方公務員（以下「従業者等」という。）がその性質上当該使用者等の業務範囲に属し、かつ、その発明をするに至つた行為がその使用者等における従業者等の現在又は過去の職務に属する発明（以下「職務発明」という。）について特許を受けたとき、又は職務発明について特許を受ける権利を承継した者がその発明について特許を受けたときは、その特許権について通常実施権を有する。\n従業者等がした発明については、その発明が職務発明である場合を除き、あらかじめ、使用者等に特許を受ける権利を取得させ、使用者等に特許権を承継させ、又は使用者等のため仮専用実施権若しくは専用実施権を設定することを定めた契約、勤務規則その他の定めの条項は、無効とする。\n従業者等がした職務発明については、契約、勤務規則その他の定めにおいてあらかじめ使用者等に特許を受ける権利を取得させることを定めたときは、その特許を受ける権利は、その発生した時から当該使用者等に帰属する。\n従業者等は、契約、勤務規則その他の定めにより職務発明について使用者等に特許を受ける権利を取得させ、使用者等に特許権を承継させ、若しくは使用者等のため専用実施権を設定したとき、又は契約、勤務規則その他の定めにより職務発明について使用者等のため仮専用実施権を設定した場合において、第三十四条の二第二項の規定により専用実施権が設定されたものとみなされたときは、相当の金銭その他の経済上の利益（次項及び第七項において「相当の利益」という。）を受ける権利を有する。\n契約、勤務規則その他の定めにおいて相当の利益について定める場合には、相当の利益の内容を決定するための基準の策定に際して使用者等と従業者等との間で行われる協議の状況、策定された当該基準の開示の状況、相当の利益の内容の決定について行われる従業者等からの意見の聴取の状況等を考慮して、その定めたところにより相当の利益を与えることが不合理であると認められるものであつてはならない。\n経済産業大臣は、発明を奨励するため、産業構造審議会の意見を聴いて、前項の規定により考慮すべき状況等に関する事項について指針を定め、これを公表するものとする。\n相当の利益についての定めがない場合又はその定めたところにより相当の利益を与えることが第五項の規定により不合理であると認められる場合には、第四項の規定により受けるべき相当の利益の内容は、その発明により使用者等が受けるべき利益の額、その発明に関連して使用者等が行う負担、貢献及び従業者等の処遇その他の事情を考慮して定めなければならない。')]
==== call rag full chain ====
---Hallucination check passed---
---Answer is not relevant to question---

====query_rewrite_node====
vao yes embed

====retrieval_node====
====filter_documents_node====
---DOCUMENT 1: RELEVANT---
---DOCUMENT 2: NOT RELEVANT---
---DOCUMENT 3: NOT RELEVANT---
---DOCUMENT 4: NOT RELEVANT---
---Some retrived documents are relevant---
====rag_node====
len(documents) 1
[Document(metadata={'law_number': '平成十九年法律第百二十八号', 'law_name': '労働契約法', 'enactment_year': '令和2年4月1日 施行', 'chapter_number': '第三章', 'chapter_name': '労働契約の継続及び終了', 'division_number': '', 'division_name': '', 'article_number': '第十六条', 'article_name': '解雇', 'document_source': 'https://laws.e-gov.go.jp/law/419AC0000000128'}, page_content='平成十九年法律第百二十八号\u3000労働契約法/第三章\u3000労働契約の継続及び終了/第十六条\u3000解雇/解雇は、客観的に合理的な理由を欠き、社会通念上相当であると認められない場合は、その権利を濫用したものとして、無効とする。')]
==== call rag full chain ====
---Hallucination check passed---
---Answer is relevant to question---

response_app {'query': '第1章\u3000総則\n第2条（労働者の定義）\n労働者とは、本規則に従って入社し、次の労働関係にある者を指す。\n① 定められていない期間の間、基幹業務に従事する、正社員、契約社員、嘱託社員、パートタイマー、アルバイト、派遣社員以外の労働者\n② 勤務地が正社員と比べ限定され、定められていない期間の間、契約社員、アルバイト以外の労働者\n③ 職務が正社員と比べ限定され、定められていない期間の間、契約社員、アルバイト以外の労働者', 'num_rewrite': 1, 'chat_history': [{'query': '第1章\u3000総則\n第２条（労働者の定義及び適用範囲）\n１．この規則は、本条第２項に規定するすべての労働者に適用する。また本規則における労働者とは本条第２項に規定するもののことを指す。', 'generation': '- 結論: 「誤り」\n- 説明: 本契約条項第2条は、労働災害防止団体法第四十一条「会員の順守義務等」に基づいて、労働者の定義及び適用範囲を規定しているが、同条項では会員である事業主の事業に係る就業規則は、労働災害防止規程に反するものであつてはならないと規定している。本契約条項第2条は、労働者の定義及び適用範囲を規定しているが、労働災害防止規程との関係については触れていないため、法的コンテキストに照らして誤りであると判断される。', 'documents': [Document(metadata={'law_number': '昭和三十九年法律第百十八号', 'law_name': '労働災害防止団体法', 'enactment_year': '令和4年6月17日 施行', 'chapter_number': '第二章', 'chapter_name': '労働災害防止団体', 'division_number': '第三節', 'division_name': '労働災害防止協会', 'article_number': '第四十一条', 'article_name': '会員の順守義務等', 'document_source': 'https://laws.e-gov.go.jp/law/339AC0000000118'}, page_content='昭和三十九年法律第百十八号\u3000労働災害防止団体法/第二章\u3000労働災害防止団体/第三節\u3000労働災害防止協会/第四十一条\u3000会員の順守義務等/会員は、労働災害防止規程を守らなければならない。\n会員である事業主の事業に係る就業規則は、労働災害防止規程に反するものであつてはならない。\n前二項の規定は、労働災害防止規程が会員の事業について適用される労働協約と抵触するときは、その限度においては、適用しない。')]}], 'generation': '- 結論: 「誤り」\n- 説明: 本契約条項第2条は、労働者の定義を規定しているが、労働契約法第十六条「解雇」に基づいて、労働者の定義には客観的に合理的な理由を欠かないことが必要であると規定している。本契約条項第2条は、労働者の定義に客観的に合理的な理由を欠くものを含んでいるため、法的コンテキストに照らして誤りであると判断される。', 'documents': [Document(metadata={'law_number': '平成十九年法律第百二十八号', 'law_name': '労働契約法', 'enactment_year': '令和2年4月1日 施行', 'chapter_number': '第三章', 'chapter_name': '労働契約の継続及び終了', 'division_number': '', 'division_name': '', 'article_number': '第十六条', 'article_name': '解雇', 'document_source': 'https://laws.e-gov.go.jp/law/419AC0000000128'}, page_content='平成十九年法律第百二十八号\u3000労働契約法/第三章\u3000労働契約の継続及び終了/第十六条\u3000解雇/解雇は、客観的に合理的な理由を欠き、社会通念上相当であると認められない場合は、その権利を濫用したものとして、無効とする。')]}
---Routing to VectorStore LaborLawsVectorStore---
vao yes embed

====retrieval_node====
====filter_documents_node====
---DOCUMENT 1: NOT RELEVANT---
---DOCUMENT 2: NOT RELEVANT---
---DOCUMENT 3: RELEVANT---
---DOCUMENT 4: NOT RELEVANT---
---Some retrived documents are relevant---
====rag_node====
len(documents) 1
[Document(metadata={'law_number': '昭和二十二年法律第四十九号', 'law_name': '労働基準法', 'enactment_year': '令和6年5月31日 施行', 'chapter_number': '第九章', 'chapter_name': '就業規則', 'division_number': '', 'division_name': '', 'article_number': '第八十九条', 'article_name': '作成及び届出の義務', 'document_source': 'https://laws.e-gov.go.jp/law/322AC0000000049'}, page_content='昭和二十二年法律第四十九号\u3000労働基準法/第九章\u3000就業規則/第八十九条\u3000作成及び届出の義務/常時十人以上の労働者を使用する使用者は、次に掲げる事項について就業規則を作成し、行政官庁に届け出なければならない。次に掲げる事項を変更した場合においても、同様とする。\n一\u3000始業及び終業の時刻、休憩時間、休日、休暇並びに労働者を二組以上に分けて交替に就業させる場合においては就業時転換に関する事項\n二\u3000賃金（臨時の賃金等を除く。以下この号において同じ。）の決定、計算及び支払の方法、賃金の締切り及び支払の時期並びに昇給に関する事項\n三\u3000退職に関する事項（解雇の事由を含む。）\n三の二\u3000退職手当の定めをする場合においては、適用される労働者の範囲、退職手当の決定、計算及び支払の方法並びに退職手当の支払の時期に関する事項\n四\u3000臨時の賃金等（退職手当を除く。）及び最低賃金額の定めをする場合においては、これに関する事項\n五\u3000労働者に食費、作業用品その他の負担をさせる定めをする場合においては、これに関する事項\n六\u3000安全及び衛生に関する定めをする場合においては、これに関する事項\n七\u3000職業訓練に関する定めをする場合においては、これに関する事項\n八\u3000災害補償及び業務外の傷病扶助に関する定めをする場合においては、これに関する事項\n九\u3000表彰及び制裁の定めをする場合においては、その種類及び程度に関する事項\n十\u3000前各号に掲げるもののほか、当該事業場の労働者のすべてに適用される定めをする場合においては、これに関する事項')]
==== call rag full chain ====
---Hallucination check passed---
---Answer is relevant to question---

response_app {'query': '第1章\u3000総則\n第２条（労働者の定義及び適用範囲）\n２．この規則で労働者とは第２章に定める手続きにより入社した者で、次の通り定義する。\n④\u3000短時間正社員・・・・契約社員・嘱託社員・パートタイマー・アルバイト・派遣社員以外の労働\n者で期間の定めがなくフルタイム勤務で働く正社員に比べ短い労働時間で\n雇用される労働者\n⑤\u3000無期契約社員・・・・正社員以外で無期労働契約により雇用され', 'chat_history': [{'query': '第1章\u3000総則\n第２条（労働者の定義及び適用範囲）\n２．この規則で労働者とは第２章に定める手続きにより入社した者で、次の通り定義する。\n\u3000①\u3000正社員・・・・・・・契約社員・嘱託社員・パートタイマー・アルバイト・派遣社員以外の労働\n者で期間の定めがなく雇用される基幹業務に従事する労働者\n\u3000②\u3000勤務地限定社員・・・契約社員・アルバイト以外の労働者で期間の定めがなく勤務地が正社員と\n比べ限定され雇用される労働者\n\u3000③\u3000職務限定社員・・・・契約社員・アルバイト以外の労働者で期間の定めがなく職務が正社員と比\nべ限定され雇用される労働者\n', 'generation': '- 結論: 「誤り」\n- 説明: 本契約条項第2条は、労働者の定義を規定しているが、労働契約法第十六条「解雇」に基づいて、労働者の定義には客観的に合理的な理由を欠かないことが必要であると規定している。本契約条項第2条は、労働者の定義に客観的に合理的な理由を欠くものを含んでいるため、法的コンテキストに照らして誤りであると判断される。', 'documents': [Document(metadata={'law_number': '平成十九年法律第百二十八号', 'law_name': '労働契約法', 'enactment_year': '令和2年4月1日 施行', 'chapter_number': '第三章', 'chapter_name': '労働契約の継続及び終了', 'division_number': '', 'division_name': '', 'article_number': '第十六条', 'article_name': '解雇', 'document_source': 'https://laws.e-gov.go.jp/law/419AC0000000128'}, page_content='平成十九年法律第百二十八号\u3000労働契約法/第三章\u3000労働契約の継続及び終了/第十六条\u3000解雇/解雇は、客観的に合理的な理由を欠き、社会通念上相当であると認められない場合は、その権利を濫用したものとして、無効とする。')]}], 'generation': '- 結論: 「誤り」\n- 説明: 本契約条項第2条④「短時間正社員」及び⑤「無期契約社員」の定義は、労働基準法第九章就業規則第八十九条「作成及び届出の義務」に基づいて、労働者の定義には、労働契約の内容や労働条件を明確に規定することが必要であると規定している。しかし、本契約条項第2条④⑤は、労働者の定義に、労働契約の内容や労働条件を明確に規定していないため、法的コンテキストに照らして誤りであると判断される。', 'documents': [Document(metadata={'law_number': '昭和二十二年法律第四十九号', 'law_name': '労働基準法', 'enactment_year': '令和6年5月31日 施行', 'chapter_number': '第九章', 'chapter_name': '就業規則', 'division_number': '', 'division_name': '', 'article_number': '第八十九条', 'article_name': '作成及び届出の義務', 'document_source': 'https://laws.e-gov.go.jp/law/322AC0000000049'}, page_content='昭和二十二年法律第四十九号\u3000労働基準法/第九章\u3000就業規則/第八十九条\u3000作成及び届出の義務/常時十人以上の労働者を使用する使用者は、次に掲げる事項について就業規則を作成し、行政官庁に届け出なければならない。次に掲げる事項を変更した場合においても、同様とする。\n一\u3000始業及び終業の時刻、休憩時間、休日、休暇並びに労働者を二組以上に分けて交替に就業させる場合においては就業時転換に関する事項\n二\u3000賃金（臨時の賃金等を除く。以下この号において同じ。）の決定、計算及び支払の方法、賃金の締切り及び支払の時期並びに昇給に関する事項\n三\u3000退職に関する事項（解雇の事由を含む。）\n三の二\u3000退職手当の定めをする場合においては、適用される労働者の範囲、退職手当の決定、計算及び支払の方法並びに退職手当の支払の時期に関する事項\n四\u3000臨時の賃金等（退職手当を除く。）及び最低賃金額の定めをする場合においては、これに関する事項\n五\u3000労働者に食費、作業用品その他の負担をさせる定めをする場合においては、これに関する事項\n六\u3000安全及び衛生に関する定めをする場合においては、これに関する事項\n七\u3000職業訓練に関する定めをする場合においては、これに関する事項\n八\u3000災害補償及び業務外の傷病扶助に関する定めをする場合においては、これに関する事項\n九\u3000表彰及び制裁の定めをする場合においては、その種類及び程度に関する事項\n十\u3000前各号に掲げるもののほか、当該事業場の労働者のすべてに適用される定めをする場合においては、これに関する事項')]}
---Routing to VectorStore LaborLawsVectorStore---
vao yes embed

====retrieval_node====
====filter_documents_node====
---DOCUMENT 1: NOT RELEVANT---
---DOCUMENT 2: NOT RELEVANT---
---DOCUMENT 3: RELEVANT---
---DOCUMENT 4: NOT RELEVANT---
---DOCUMENT 5: NOT RELEVANT---
---Some retrived documents are relevant---
====rag_node====
len(documents) 1
[Document(metadata={'law_number': '昭和四十七年法律第五十七号', 'law_name': '労働安全衛生法', 'enactment_year': '令和4年6月17日 施行', 'chapter_number': '第六章', 'chapter_name': '労働者の就業に当たつての措置', 'division_number': '', 'division_name': '', 'article_number': '第六十条', 'article_name': '第六十条', 'document_source': 'https://laws.e-gov.go.jp/law/347AC0000000057'}, page_content='昭和四十七年法律第五十七号\u3000労働安全衛生法/第六章\u3000労働者の就業に当たつての措置/第六十条/事業者は、その事業場の業種が政令で定めるものに該当するときは、新たに職務につくこととなつた職長その他の作業中の労働者を直接指導又は監督する者（作業主任者を除く。）に対し、次の事項について、厚生労働省令で定めるところにより、安全又は衛生のための教育を行なわなければならない。\n一\u3000作業方法の決定及び労働者の配置に関すること。\n二\u3000労働者に対する指導又は監督の方法に関すること。\n三\u3000前二号に掲げるもののほか、労働災害を防止するため必要な事項で、厚生労働省令で定めるもの')]
==== call rag full chain ====
---Hallucination check passed---
---Answer is relevant to question---

response_app {'query': '第1章\u3000総則\n第２条（労働者の定義及び適用範囲）\n２．この規則で労働者とは第２章に定める手続きにより入社した者で、次の通り定義する。\nる基幹業務の補助をする労働者\n⑥\u3000有期契約社員・・・・有期労働契約により雇用される基幹業務の補助をする労働者。原則1年ご\nとの更新とし、個別に定めるものとする。\n⑤\u3000嘱託社員・・・・・・定年退職後に引き続き有期労働契約により雇用される労働者。原則１年ご\nとの更新とし、個別に定めるものとする。\n⑥\u3000パート／アルバイト\u3000契約期間の有無にかかわらず、業務の一部や臨時的に業務を行う労働者\n⑦\u3000派遣社員・・・・・・派遣元事業所より派遣され、派遣元の指揮命令を受け就業する労働者', 'chat_history': [{'query': '第1章\u3000総則\n第２条（労働者の定義及び適用範囲）\n２．この規則で労働者とは第２章に定める手続きにより入社した者で、次の通り定義する。\n\u3000①\u3000正社員・・・・・・・契約社員・嘱託社員・パートタイマー・アルバイト・派遣社員以外の労働\n者で期間の定めがなく雇用される基幹業務に従事する労働者\n\u3000②\u3000勤務地限定社員・・・契約社員・アルバイト以外の労働者で期間の定めがなく勤務地が正社員と\n比べ限定され雇用される労働者\n\u3000③\u3000職務限定社員・・・・契約社員・アルバイト以外の労働者で期間の定めがなく職務が正社員と比\nべ限定され雇用される労働者\n', 'generation': '- 結論: 「誤り」\n- 説明: 本契約条項第2条は、労働者の定義を規定しているが、労働契約法第十六条「解雇」に基づいて、労働者の定義には客観的に合理的な理由を欠かないことが必要であると規定している。本契約条項第2条は、労働者の定義に客観的に合理的な理由を欠くものを含んでいるため、法的コンテキストに照らして誤りであると判断される。', 'documents': [Document(metadata={'law_number': '平成十九年法律第百二十八号', 'law_name': '労働契約法', 'enactment_year': '令和2年4月1日 施行', 'chapter_number': '第三章', 'chapter_name': '労働契約の継続及び終了', 'division_number': '', 'division_name': '', 'article_number': '第十六条', 'article_name': '解雇', 'document_source': 'https://laws.e-gov.go.jp/law/419AC0000000128'}, page_content='平成十九年法律第百二十八号\u3000労働契約法/第三章\u3000労働契約の継続及び終了/第十六条\u3000解雇/解雇は、客観的に合理的な理由を欠き、社会通念上相当であると認められない場合は、その権利を濫用したものとして、無効とする。')]}, {'query': '第1章\u3000総則\n第２条（労働者の定義及び適用範囲）\n２．この規則で労働者とは第２章に定める手続きにより入社した者で、次の通り定義する。\n④\u3000短時間正社員・・・・契約社員・嘱託社員・パートタイマー・アルバイト・派遣社員以外の労働\n者で期間の定めがなくフルタイム勤務で働く正社員に比べ短い労働時間で\n雇用される労働者\n⑤\u3000無期契約社員・・・・正社員以外で無期労働契約により雇用され', 'generation': '- 結論: 「誤り」\n- 説明: 本契約条項第2条④「短時間正社員」及び⑤「無期契約社員」の定義は、労働基準法第九章就業規則第八十九条「作成及び届出の義務」に基づいて、労働者の定義には、労働契約の内容や労働条件を明確に規定することが必要であると規定している。しかし、本契約条項第2条④⑤は、労働者の定義に、労働契約の内容や労働条件を明確に規定していないため、法的コンテキストに照らして誤りであると判断される。', 'documents': [Document(metadata={'law_number': '昭和二十二年法律第四十九号', 'law_name': '労働基準法', 'enactment_year': '令和6年5月31日 施行', 'chapter_number': '第九章', 'chapter_name': '就業規則', 'division_number': '', 'division_name': '', 'article_number': '第八十九条', 'article_name': '作成及び届出の義務', 'document_source': 'https://laws.e-gov.go.jp/law/322AC0000000049'}, page_content='昭和二十二年法律第四十九号\u3000労働基準法/第九章\u3000就業規則/第八十九条\u3000作成及び届出の義務/常時十人以上の労働者を使用する使用者は、次に掲げる事項について就業規則を作成し、行政官庁に届け出なければならない。次に掲げる事項を変更した場合においても、同様とする。\n一\u3000始業及び終業の時刻、休憩時間、休日、休暇並びに労働者を二組以上に分けて交替に就業させる場合においては就業時転換に関する事項\n二\u3000賃金（臨時の賃金等を除く。以下この号において同じ。）の決定、計算及び支払の方法、賃金の締切り及び支払の時期並びに昇給に関する事項\n三\u3000退職に関する事項（解雇の事由を含む。）\n三の二\u3000退職手当の定めをする場合においては、適用される労働者の範囲、退職手当の決定、計算及び支払の方法並びに退職手当の支払の時期に関する事項\n四\u3000臨時の賃金等（退職手当を除く。）及び最低賃金額の定めをする場合においては、これに関する事項\n五\u3000労働者に食費、作業用品その他の負担をさせる定めをする場合においては、これに関する事項\n六\u3000安全及び衛生に関する定めをする場合においては、これに関する事項\n七\u3000職業訓練に関する定めをする場合においては、これに関する事項\n八\u3000災害補償及び業務外の傷病扶助に関する定めをする場合においては、これに関する事項\n九\u3000表彰及び制裁の定めをする場合においては、その種類及び程度に関する事項\n十\u3000前各号に掲げるもののほか、当該事業場の労働者のすべてに適用される定めをする場合においては、これに関する事項')]}], 'generation': '- 結論: 「誤り」\n- 説明: 本契約条項第2条⑥「有期契約社員」及び⑤「嘱託社員」は、労働安全衛生法第六十条に基づいて、労働者の定義には、安全又は衛生のための教育を行うことが必要であると規定している。しかし、本契約条項第2条⑥⑤は、労働者の定義に、安全又は衛生のための教育を行うことを規定していないため、法的コンテキストに照らして誤りであると判断される。', 'documents': [Document(metadata={'law_number': '昭和四十七年法律第五十七号', 'law_name': '労働安全衛生法', 'enactment_year': '令和4年6月17日 施行', 'chapter_number': '第六章', 'chapter_name': '労働者の就業に当たつての措置', 'division_number': '', 'division_name': '', 'article_number': '第六十条', 'article_name': '第六十条', 'document_source': 'https://laws.e-gov.go.jp/law/347AC0000000057'}, page_content='昭和四十七年法律第五十七号\u3000労働安全衛生法/第六章\u3000労働者の就業に当たつての措置/第六十条/事業者は、その事業場の業種が政令で定めるものに該当するときは、新たに職務につくこととなつた職長その他の作業中の労働者を直接指導又は監督する者（作業主任者を除く。）に対し、次の事項について、厚生労働省令で定めるところにより、安全又は衛生のための教育を行なわなければならない。\n一\u3000作業方法の決定及び労働者の配置に関すること。\n二\u3000労働者に対する指導又は監督の方法に関すること。\n三\u3000前二号に掲げるもののほか、労働災害を防止するため必要な事項で、厚生労働省令で定めるもの')]}
---Routing to VectorStore LaborLawsVectorStore---
vao yes embed

====retrieval_node====
====filter_documents_node====